<?xml version="1.0" encoding="UTF-8"?>
<xml>
  <lf>
    <satop nom="a1:achievement">
      <prop name="arrive"/>
      <diamond mode="SYN-SUBJ">
        <nom name="t1:station-objects"/>
        <prop name="train"/>
      </diamond>
    </satop>
  </lf>
  <target>treno-2456-2 arrivare-2835-2</target>
</xml>
